[12-Dec-2018 09:35:24 UTC] PHP Parse error:  syntax error, unexpected '}', expecting ',' or ';' in /app/public/wp-content/themes/tory-theme/index.php on line 4
[12-Dec-2018 10:02:11 UTC] PHP Fatal error:  Uncaught Error: Call to undefined function bloginf() in /app/public/wp-content/themes/tory-theme/index.php:11
Stack trace:
#0 /app/public/wp-includes/template-loader.php(74): include()
#1 /app/public/wp-blog-header.php(19): require_once('/app/public/wp-...')
#2 /app/public/index.php(17): require('/app/public/wp-...')
#3 {main}
  thrown in /app/public/wp-content/themes/tory-theme/index.php on line 11
[12-Dec-2018 10:02:16 UTC] PHP Fatal error:  Uncaught Error: Call to undefined function bloginf() in /app/public/wp-content/themes/tory-theme/index.php:11
Stack trace:
#0 /app/public/wp-includes/template-loader.php(74): include()
#1 /app/public/wp-blog-header.php(19): require_once('/app/public/wp-...')
#2 /app/public/index.php(17): require('/app/public/wp-...')
#3 {main}
  thrown in /app/public/wp-content/themes/tory-theme/index.php on line 11
[12-Dec-2018 10:02:19 UTC] PHP Fatal error:  Uncaught Error: Call to undefined function bloginf() in /app/public/wp-content/themes/tory-theme/index.php:11
Stack trace:
#0 /app/public/wp-includes/template-loader.php(74): include()
#1 /app/public/wp-blog-header.php(19): require_once('/app/public/wp-...')
#2 /app/public/index.php(17): require('/app/public/wp-...')
#3 {main}
  thrown in /app/public/wp-content/themes/tory-theme/index.php on line 11
[12-Dec-2018 10:02:28 UTC] PHP Fatal error:  Uncaught Error: Call to undefined function bloginf() in /app/public/wp-content/themes/tory-theme/index.php:11
Stack trace:
#0 /app/public/wp-includes/template-loader.php(74): include()
#1 /app/public/wp-blog-header.php(19): require_once('/app/public/wp-...')
#2 /app/public/index.php(17): require('/app/public/wp-...')
#3 {main}
  thrown in /app/public/wp-content/themes/tory-theme/index.php on line 11
[12-Dec-2018 10:23:20 UTC] PHP Parse error:  syntax error, unexpected '$numbers' (T_VARIABLE), expecting ',' or ';' in /app/public/wp-content/themes/tory-theme/index.php on line 8
[12-Dec-2018 10:25:41 UTC] PHP Parse error:  syntax error, unexpected '$count' (T_VARIABLE), expecting ',' or ';' in /app/public/wp-content/themes/tory-theme/index.php on line 8
[12-Dec-2018 10:27:03 UTC] PHP Parse error:  syntax error, unexpected '<' in /app/public/wp-content/themes/tory-theme/index.php on line 7
[12-Dec-2018 10:29:33 UTC] PHP Parse error:  syntax error, unexpected ')' in /app/public/wp-content/themes/tory-theme/index.php on line 6
[12-Dec-2018 10:29:53 UTC] PHP Parse error:  syntax error, unexpected '$count' (T_VARIABLE), expecting ',' or ';' in /app/public/wp-content/themes/tory-theme/index.php on line 8
[12-Dec-2018 10:30:29 UTC] PHP Parse error:  syntax error, unexpected '$count' (T_VARIABLE), expecting ',' or ';' in /app/public/wp-content/themes/tory-theme/index.php on line 8
[12-Dec-2018 12:07:01 UTC] PHP Fatal error:  Uncaught Error: Call to undefined function the_posts() in /app/public/wp-content/themes/tory-theme/index.php:3
Stack trace:
#0 /app/public/wp-includes/template-loader.php(74): include()
#1 /app/public/wp-blog-header.php(19): require_once('/app/public/wp-...')
#2 /app/public/index.php(17): require('/app/public/wp-...')
#3 {main}
  thrown in /app/public/wp-content/themes/tory-theme/index.php on line 3
[12-Dec-2018 12:07:35 UTC] PHP Fatal error:  Uncaught Error: Call to undefined function the_posts() in /app/public/wp-content/themes/tory-theme/index.php:3
Stack trace:
#0 /app/public/wp-includes/template-loader.php(74): include()
#1 /app/public/wp-blog-header.php(19): require_once('/app/public/wp-...')
#2 /app/public/index.php(17): require('/app/public/wp-...')
#3 {main}
  thrown in /app/public/wp-content/themes/tory-theme/index.php on line 3
[12-Dec-2018 12:07:55 UTC] PHP Fatal error:  Uncaught Error: Call to undefined function the_posts() in /app/public/wp-content/themes/tory-theme/index.php:4
Stack trace:
#0 /app/public/wp-includes/template-loader.php(74): include()
#1 /app/public/wp-blog-header.php(19): require_once('/app/public/wp-...')
#2 /app/public/index.php(17): require('/app/public/wp-...')
#3 {main}
  thrown in /app/public/wp-content/themes/tory-theme/index.php on line 4
[12-Dec-2018 12:54:53 UTC] PHP Parse error:  syntax error, unexpected ';' in /app/public/wp-content/themes/tory-theme/functions.php on line 4
[13-Dec-2018 09:14:12 UTC] PHP Parse error:  syntax error, unexpected '/' in /app/public/wp-content/themes/tory-theme/index.php on line 4
[13-Dec-2018 11:18:48 UTC] PHP Parse error:  syntax error, unexpected '?', expecting end of file in /app/public/wp-content/themes/tory-theme/footer.php on line 11
[13-Dec-2018 11:18:51 UTC] PHP Parse error:  syntax error, unexpected '?', expecting end of file in /app/public/wp-content/themes/tory-theme/footer.php on line 11
[13-Dec-2018 11:18:52 UTC] PHP Parse error:  syntax error, unexpected '?', expecting end of file in /app/public/wp-content/themes/tory-theme/footer.php on line 11
[13-Dec-2018 11:19:15 UTC] PHP Parse error:  syntax error, unexpected '?', expecting end of file in /app/public/wp-content/themes/tory-theme/footer.php on line 10
[13-Dec-2018 11:19:36 UTC] PHP Parse error:  syntax error, unexpected '?', expecting end of file in /app/public/wp-content/themes/tory-theme/footer.php on line 10
[13-Dec-2018 11:43:59 UTC] PHP Parse error:  syntax error, unexpected ';' in /app/public/wp-content/themes/tory-theme/page.php on line 21
[13-Dec-2018 11:46:53 UTC] PHP Parse error:  syntax error, unexpected '}' in /app/public/wp-content/themes/tory-theme/page.php on line 27
[13-Dec-2018 12:26:40 UTC] PHP Warning:  Use of undefined constant pig - assumed 'pig' (this will throw an Error in a future version of PHP) in /app/public/wp-content/themes/tory-theme/page.php on line 44
[13-Dec-2018 12:27:12 UTC] PHP Warning:  Use of undefined constant pig - assumed 'pig' (this will throw an Error in a future version of PHP) in /app/public/wp-content/themes/tory-theme/page.php on line 42
[14-Dec-2018 08:55:48 UTC] PHP Fatal error:  Uncaught ArgumentCountError: Too few arguments to function register_nav_menu(), 1 passed in /app/public/wp-content/themes/tory-theme/functions.php on line 14 and exactly 2 expected in /app/public/wp-includes/nav-menu.php:126
Stack trace:
#0 /app/public/wp-content/themes/tory-theme/functions.php(14): register_nav_menu('')
#1 /app/public/wp-includes/class-wp-hook.php(286): tory_features('')
#2 /app/public/wp-includes/class-wp-hook.php(310): WP_Hook->apply_filters('', Array)
#3 /app/public/wp-includes/plugin.php(453): WP_Hook->do_action(Array)
#4 /app/public/wp-settings.php(451): do_action('after_setup_the...')
#5 /app/public/wp-config.php(76): require_once('/app/public/wp-...')
#6 /app/public/wp-load.php(37): require_once('/app/public/wp-...')
#7 /app/public/wp-admin/admin-ajax.php(22): require_once('/app/public/wp-...')
#8 {main}
  thrown in /app/public/wp-includes/nav-menu.php on line 126
[17-Dec-2018 08:30:10 UTC] PHP Fatal error:  Uncaught Error: Call to undefined function the_posts() in /app/public/wp-content/themes/tory-theme/index.php:17
Stack trace:
#0 /app/public/wp-includes/template-loader.php(74): include()
#1 /app/public/wp-blog-header.php(19): require_once('/app/public/wp-...')
#2 /app/public/index.php(17): require('/app/public/wp-...')
#3 {main}
  thrown in /app/public/wp-content/themes/tory-theme/index.php on line 17
[17-Dec-2018 08:34:15 UTC] PHP Fatal error:  Uncaught Error: Call to undefined function the_posts() in /app/public/wp-content/themes/tory-theme/index.php:20
Stack trace:
#0 /app/public/wp-includes/template-loader.php(74): include()
#1 /app/public/wp-blog-header.php(19): require_once('/app/public/wp-...')
#2 /app/public/index.php(17): require('/app/public/wp-...')
#3 {main}
  thrown in /app/public/wp-content/themes/tory-theme/index.php on line 20
[17-Dec-2018 10:31:37 UTC] PHP Parse error:  syntax error, unexpected ',' in /app/public/wp-content/themes/tory-theme/index.php on line 30
[17-Dec-2018 17:52:04 UTC] PHP Fatal error:  Uncaught Error: Call to undefined function et_footer() in /app/public/wp-content/themes/tory-theme/single.php:23
Stack trace:
#0 /app/public/wp-includes/template-loader.php(74): include()
#1 /app/public/wp-blog-header.php(19): require_once('/app/public/wp-...')
#2 /app/public/index.php(17): require('/app/public/wp-...')
#3 {main}
  thrown in /app/public/wp-content/themes/tory-theme/single.php on line 23
[17-Dec-2018 17:52:10 UTC] PHP Fatal error:  Uncaught Error: Call to undefined function et_footer() in /app/public/wp-content/themes/tory-theme/single.php:23
Stack trace:
#0 /app/public/wp-includes/template-loader.php(74): include()
#1 /app/public/wp-blog-header.php(19): require_once('/app/public/wp-...')
#2 /app/public/index.php(17): require('/app/public/wp-...')
#3 {main}
  thrown in /app/public/wp-content/themes/tory-theme/single.php on line 23
[17-Dec-2018 17:57:26 UTC] PHP Fatal error:  Uncaught Error: Call to undefined function et_footer() in /app/public/wp-content/themes/tory-theme/single.php:23
Stack trace:
#0 /app/public/wp-includes/template-loader.php(74): include()
#1 /app/public/wp-blog-header.php(19): require_once('/app/public/wp-...')
#2 /app/public/index.php(17): require('/app/public/wp-...')
#3 {main}
  thrown in /app/public/wp-content/themes/tory-theme/single.php on line 23
[19-Dec-2018 08:34:55 UTC] PHP Fatal error:  Uncaught Error: Call to undefined function et_footer() in /app/public/wp-content/themes/tory-theme/single.php:35
Stack trace:
#0 /app/public/wp-includes/template-loader.php(74): include()
#1 /app/public/wp-blog-header.php(19): require_once('/app/public/wp-...')
#2 /app/public/index.php(17): require('/app/public/wp-...')
#3 {main}
  thrown in /app/public/wp-content/themes/tory-theme/single.php on line 35
[19-Dec-2018 08:36:32 UTC] PHP Fatal error:  Uncaught Error: Call to undefined function et_footer() in /app/public/wp-content/themes/tory-theme/single.php:34
Stack trace:
#0 /app/public/wp-includes/template-loader.php(74): include()
#1 /app/public/wp-blog-header.php(19): require_once('/app/public/wp-...')
#2 /app/public/index.php(17): require('/app/public/wp-...')
#3 {main}
  thrown in /app/public/wp-content/themes/tory-theme/single.php on line 34
[19-Dec-2018 08:37:09 UTC] PHP Fatal error:  Uncaught Error: Call to undefined function et_footer() in /app/public/wp-content/themes/tory-theme/single.php:33
Stack trace:
#0 /app/public/wp-includes/template-loader.php(74): include()
#1 /app/public/wp-blog-header.php(19): require_once('/app/public/wp-...')
#2 /app/public/index.php(17): require('/app/public/wp-...')
#3 {main}
  thrown in /app/public/wp-content/themes/tory-theme/single.php on line 33
[19-Dec-2018 08:37:40 UTC] PHP Fatal error:  Uncaught Error: Call to undefined function et_footer() in /app/public/wp-content/themes/tory-theme/single.php:34
Stack trace:
#0 /app/public/wp-includes/template-loader.php(74): include()
#1 /app/public/wp-blog-header.php(19): require_once('/app/public/wp-...')
#2 /app/public/index.php(17): require('/app/public/wp-...')
#3 {main}
  thrown in /app/public/wp-content/themes/tory-theme/single.php on line 34
[19-Dec-2018 08:38:47 UTC] PHP Fatal error:  Uncaught Error: Call to undefined function et_footer() in /app/public/wp-content/themes/tory-theme/single.php:33
Stack trace:
#0 /app/public/wp-includes/template-loader.php(74): include()
#1 /app/public/wp-blog-header.php(19): require_once('/app/public/wp-...')
#2 /app/public/index.php(17): require('/app/public/wp-...')
#3 {main}
  thrown in /app/public/wp-content/themes/tory-theme/single.php on line 33
[19-Dec-2018 08:39:38 UTC] PHP Fatal error:  Uncaught Error: Call to undefined function et_footer() in /app/public/wp-content/themes/tory-theme/single.php:34
Stack trace:
#0 /app/public/wp-includes/template-loader.php(74): include()
#1 /app/public/wp-blog-header.php(19): require_once('/app/public/wp-...')
#2 /app/public/index.php(17): require('/app/public/wp-...')
#3 {main}
  thrown in /app/public/wp-content/themes/tory-theme/single.php on line 34
[19-Dec-2018 08:40:22 UTC] PHP Fatal error:  Uncaught Error: Call to undefined function et_footer() in /app/public/wp-content/themes/tory-theme/single.php:35
Stack trace:
#0 /app/public/wp-includes/template-loader.php(74): include()
#1 /app/public/wp-blog-header.php(19): require_once('/app/public/wp-...')
#2 /app/public/index.php(17): require('/app/public/wp-...')
#3 {main}
  thrown in /app/public/wp-content/themes/tory-theme/single.php on line 35
[19-Dec-2018 08:48:34 UTC] PHP Parse error:  syntax error, unexpected 'echo' (T_ECHO) in /app/public/wp-content/themes/tory-theme/archive.php on line 11
[19-Dec-2018 08:49:29 UTC] PHP Parse error:  syntax error, unexpected '}', expecting ',' or ';' in /app/public/wp-content/themes/tory-theme/archive.php on line 13
[19-Dec-2018 08:54:49 UTC] PHP Parse error:  syntax error, unexpected 'the_author' (T_STRING), expecting ',' or ';' in /app/public/wp-content/themes/tory-theme/archive.php on line 11
[19-Dec-2018 08:55:34 UTC] PHP Parse error:  syntax error, unexpected 'the_author' (T_STRING), expecting ',' or ';' in /app/public/wp-content/themes/tory-theme/archive.php on line 11
[19-Dec-2018 08:55:42 UTC] PHP Parse error:  syntax error, unexpected 'the_author' (T_STRING), expecting ',' or ';' in /app/public/wp-content/themes/tory-theme/archive.php on line 11
[19-Dec-2018 09:59:33 UTC] PHP Parse error:  syntax error, unexpected ';' in /app/public/wp-content/themes/tory-theme/front-page.php on line 55
[19-Dec-2018 10:01:54 UTC] PHP Parse error:  syntax error, unexpected '=', expecting ')' in /app/public/wp-content/themes/tory-theme/front-page.php on line 50
[19-Dec-2018 10:01:54 UTC] PHP Parse error:  syntax error, unexpected '=', expecting ')' in /app/public/wp-content/themes/tory-theme/front-page.php on line 50
[19-Dec-2018 10:01:54 UTC] PHP Parse error:  syntax error, unexpected '=', expecting ')' in /app/public/wp-content/themes/tory-theme/front-page.php on line 50
[20-Dec-2018 10:58:09 UTC] PHP Parse error:  syntax error, unexpected ')' in /app/public/wp-content/themes/tory-theme/functions.php on line 22
[20-Dec-2018 10:58:47 UTC] PHP Warning:  Use of undefined constant Events - assumed 'Events' (this will throw an Error in a future version of PHP) in /app/public/wp-content/themes/tory-theme/functions.php on line 22
[20-Dec-2018 10:58:48 UTC] PHP Warning:  Use of undefined constant Events - assumed 'Events' (this will throw an Error in a future version of PHP) in /app/public/wp-content/themes/tory-theme/functions.php on line 22
[20-Dec-2018 11:01:16 UTC] PHP Parse error:  syntax error, unexpected ')' in /app/public/wp-content/themes/tory-theme/functions.php on line 25
[20-Dec-2018 11:41:59 UTC] PHP Parse error:  syntax error, unexpected '?>' in /app/public/wp-content/themes/tory-theme/front-page.php on line 34
[20-Dec-2018 11:42:38 UTC] PHP Warning:  Use of undefined constant wp - assumed 'wp' (this will throw an Error in a future version of PHP) in /app/public/wp-content/themes/tory-theme/front-page.php on line 34
[20-Dec-2018 11:42:38 UTC] PHP Warning:  A non-numeric value encountered in /app/public/wp-content/themes/tory-theme/front-page.php on line 34
[20-Dec-2018 11:42:38 UTC] PHP Warning:  A non-numeric value encountered in /app/public/wp-content/themes/tory-theme/front-page.php on line 34
[20-Dec-2018 11:42:38 UTC] PHP Warning:  Use of undefined constant wp - assumed 'wp' (this will throw an Error in a future version of PHP) in /app/public/wp-content/themes/tory-theme/front-page.php on line 34
[20-Dec-2018 11:42:38 UTC] PHP Warning:  A non-numeric value encountered in /app/public/wp-content/themes/tory-theme/front-page.php on line 34
[20-Dec-2018 11:42:38 UTC] PHP Warning:  A non-numeric value encountered in /app/public/wp-content/themes/tory-theme/front-page.php on line 34
[20-Dec-2018 11:42:38 UTC] PHP Warning:  Use of undefined constant wp - assumed 'wp' (this will throw an Error in a future version of PHP) in /app/public/wp-content/themes/tory-theme/front-page.php on line 34
[20-Dec-2018 11:42:38 UTC] PHP Warning:  A non-numeric value encountered in /app/public/wp-content/themes/tory-theme/front-page.php on line 34
[20-Dec-2018 11:42:38 UTC] PHP Warning:  A non-numeric value encountered in /app/public/wp-content/themes/tory-theme/front-page.php on line 34
[20-Dec-2018 12:02:17 UTC] PHP Parse error:  syntax error, unexpected '=>' (T_DOUBLE_ARROW) in /app/public/wp-content/mu-plugins/tory-post-types.php on line 5
[20-Dec-2018 12:02:50 UTC] PHP Parse error:  syntax error, unexpected ''has_archive'' (T_CONSTANT_ENCAPSED_STRING), expecting ')' in /app/public/wp-content/mu-plugins/tory-post-types.php on line 6
[20-Dec-2018 12:02:58 UTC] PHP Parse error:  syntax error, unexpected ''has_archive'' (T_CONSTANT_ENCAPSED_STRING), expecting ')' in /app/public/wp-content/mu-plugins/tory-post-types.php on line 6
[24-Dec-2018 11:31:08 UTC] PHP Parse error:  syntax error, unexpected ''rewrite'' (T_CONSTANT_ENCAPSED_STRING), expecting '(' in /app/public/wp-content/mu-plugins/tory-post-types.php on line 6
[24-Dec-2018 11:31:49 UTC] PHP Parse error:  syntax error, unexpected ''rewrite'' (T_CONSTANT_ENCAPSED_STRING), expecting ')' in /app/public/wp-content/mu-plugins/tory-post-types.php on line 6
[24-Dec-2018 11:31:49 UTC] PHP Parse error:  syntax error, unexpected ''rewrite'' (T_CONSTANT_ENCAPSED_STRING), expecting ')' in /app/public/wp-content/mu-plugins/tory-post-types.php on line 6
[24-Dec-2018 11:36:48 UTC] PHP Parse error:  syntax error, unexpected '<' in /app/public/wp-content/themes/tory-theme/front-page.php on line 34
[24-Dec-2018 11:38:09 UTC] PHP Parse error:  syntax error, unexpected end of file in /app/public/wp-content/themes/tory-theme/front-page.php on line 113
[24-Dec-2018 12:22:35 UTC] PHP Parse error:  syntax error, unexpected '}', expecting ',' or ';' in /app/public/wp-content/themes/tory-theme/header.php on line 21
[24-Dec-2018 12:23:40 UTC] PHP Parse error:  syntax error, unexpected '}', expecting ',' or ';' in /app/public/wp-content/themes/tory-theme/header.php on line 21
[24-Dec-2018 12:24:05 UTC] PHP Parse error:  syntax error, unexpected '}', expecting ',' or ';' in /app/public/wp-content/themes/tory-theme/header.php on line 20
[24-Dec-2018 12:26:24 UTC] PHP Parse error:  syntax error, unexpected '}', expecting ',' or ';' in /app/public/wp-content/themes/tory-theme/header.php on line 19
[24-Dec-2018 12:26:28 UTC] PHP Parse error:  syntax error, unexpected '}', expecting ',' or ';' in /app/public/wp-content/themes/tory-theme/header.php on line 19
[24-Dec-2018 12:26:28 UTC] PHP Parse error:  syntax error, unexpected '}', expecting ',' or ';' in /app/public/wp-content/themes/tory-theme/header.php on line 19
[24-Dec-2018 12:26:28 UTC] PHP Parse error:  syntax error, unexpected '}', expecting ',' or ';' in /app/public/wp-content/themes/tory-theme/header.php on line 19
[24-Dec-2018 12:26:28 UTC] PHP Parse error:  syntax error, unexpected '}', expecting ',' or ';' in /app/public/wp-content/themes/tory-theme/header.php on line 19
[24-Dec-2018 12:26:56 UTC] PHP Parse error:  syntax error, unexpected '=' in /app/public/wp-content/themes/tory-theme/header.php on line 22
[24-Dec-2018 12:27:54 UTC] PHP Parse error:  syntax error, unexpected '=' in /app/public/wp-content/themes/tory-theme/header.php on line 22
[24-Dec-2018 12:27:54 UTC] PHP Parse error:  syntax error, unexpected '=' in /app/public/wp-content/themes/tory-theme/header.php on line 22
[24-Dec-2018 12:27:54 UTC] PHP Parse error:  syntax error, unexpected '=' in /app/public/wp-content/themes/tory-theme/header.php on line 22
[24-Dec-2018 12:28:45 UTC] PHP Parse error:  syntax error, unexpected '=' in /app/public/wp-content/themes/tory-theme/header.php on line 21
[24-Dec-2018 12:29:13 UTC] PHP Parse error:  syntax error, unexpected '}', expecting ',' or ';' in /app/public/wp-content/themes/tory-theme/header.php on line 27
[24-Dec-2018 12:29:50 UTC] PHP Fatal error:  Can't use function return value in write context in /app/public/wp-content/themes/tory-theme/header.php on line 21
[21-Jan-2019 11:09:31 UTC] PHP Parse error:  syntax error, unexpected '<' in /app/public/wp-content/themes/tory-theme/front-page.php on line 29
[21-Jan-2019 11:10:20 UTC] PHP Warning:  Use of undefined constant event_date - assumed 'event_date' (this will throw an Error in a future version of PHP) in /app/public/wp-content/themes/tory-theme/front-page.php on line 29
[21-Jan-2019 11:10:20 UTC] PHP Warning:  Use of undefined constant event_date - assumed 'event_date' (this will throw an Error in a future version of PHP) in /app/public/wp-content/themes/tory-theme/front-page.php on line 29
[21-Jan-2019 11:10:37 UTC] PHP Warning:  Use of undefined constant event_date - assumed 'event_date' (this will throw an Error in a future version of PHP) in /app/public/wp-content/themes/tory-theme/front-page.php on line 29
[21-Jan-2019 11:10:37 UTC] PHP Warning:  Use of undefined constant event_date - assumed 'event_date' (this will throw an Error in a future version of PHP) in /app/public/wp-content/themes/tory-theme/front-page.php on line 29
[21-Jan-2019 11:11:12 UTC] PHP Warning:  Use of undefined constant event_date - assumed 'event_date' (this will throw an Error in a future version of PHP) in /app/public/wp-content/themes/tory-theme/front-page.php on line 29
[21-Jan-2019 11:11:12 UTC] PHP Warning:  Use of undefined constant event_date - assumed 'event_date' (this will throw an Error in a future version of PHP) in /app/public/wp-content/themes/tory-theme/front-page.php on line 29
[21-Jan-2019 11:11:45 UTC] PHP Warning:  Use of undefined constant event_date - assumed 'event_date' (this will throw an Error in a future version of PHP) in /app/public/wp-content/themes/tory-theme/front-page.php on line 29
[21-Jan-2019 11:11:45 UTC] PHP Warning:  Use of undefined constant event_date - assumed 'event_date' (this will throw an Error in a future version of PHP) in /app/public/wp-content/themes/tory-theme/front-page.php on line 29
[21-Jan-2019 11:21:21 UTC] PHP Fatal error:  Uncaught Exception: DateTime::__construct(): Failed to parse time string (22/01/2019) at position 0 (2): Unexpected character in /app/public/wp-content/themes/tory-theme/front-page.php:30
Stack trace:
#0 /app/public/wp-content/themes/tory-theme/front-page.php(30): DateTime->__construct('22/01/2019')
#1 /app/public/wp-includes/template-loader.php(74): include('/app/public/wp-...')
#2 /app/public/wp-blog-header.php(19): require_once('/app/public/wp-...')
#3 /app/public/index.php(17): require('/app/public/wp-...')
#4 {main}
  thrown in /app/public/wp-content/themes/tory-theme/front-page.php on line 30
[21-Jan-2019 11:22:47 UTC] PHP Fatal error:  Uncaught Exception: DateTime::__construct(): Failed to parse time string (22/01/2019) at position 0 (2): Unexpected character in /app/public/wp-content/themes/tory-theme/front-page.php:30
Stack trace:
#0 /app/public/wp-content/themes/tory-theme/front-page.php(30): DateTime->__construct('22/01/2019')
#1 /app/public/wp-includes/template-loader.php(74): include('/app/public/wp-...')
#2 /app/public/wp-blog-header.php(19): require_once('/app/public/wp-...')
#3 /app/public/index.php(17): require('/app/public/wp-...')
#4 {main}
  thrown in /app/public/wp-content/themes/tory-theme/front-page.php on line 30
[21-Jan-2019 11:30:58 UTC] PHP Fatal error:  Uncaught Exception: DateTime::__construct(): Failed to parse time string (22/01/2019) at position 0 (2): Unexpected character in /app/public/wp-content/themes/tory-theme/front-page.php:30
Stack trace:
#0 /app/public/wp-content/themes/tory-theme/front-page.php(30): DateTime->__construct('22/01/2019')
#1 /app/public/wp-includes/template-loader.php(74): include('/app/public/wp-...')
#2 /app/public/wp-blog-header.php(19): require_once('/app/public/wp-...')
#3 /app/public/index.php(17): require('/app/public/wp-...')
#4 {main}
  thrown in /app/public/wp-content/themes/tory-theme/front-page.php on line 30
[21-Jan-2019 11:30:58 UTC] PHP Fatal error:  Uncaught Exception: DateTime::__construct(): Failed to parse time string (22/01/2019) at position 0 (2): Unexpected character in /app/public/wp-content/themes/tory-theme/front-page.php:30
Stack trace:
#0 /app/public/wp-content/themes/tory-theme/front-page.php(30): DateTime->__construct('22/01/2019')
#1 /app/public/wp-includes/template-loader.php(74): include('/app/public/wp-...')
#2 /app/public/wp-blog-header.php(19): require_once('/app/public/wp-...')
#3 /app/public/index.php(17): require('/app/public/wp-...')
#4 {main}
  thrown in /app/public/wp-content/themes/tory-theme/front-page.php on line 30
[21-Jan-2019 11:30:59 UTC] PHP Fatal error:  Uncaught Exception: DateTime::__construct(): Failed to parse time string (22/01/2019) at position 0 (2): Unexpected character in /app/public/wp-content/themes/tory-theme/front-page.php:30
Stack trace:
#0 /app/public/wp-content/themes/tory-theme/front-page.php(30): DateTime->__construct('22/01/2019')
#1 /app/public/wp-includes/template-loader.php(74): include('/app/public/wp-...')
#2 /app/public/wp-blog-header.php(19): require_once('/app/public/wp-...')
#3 /app/public/index.php(17): require('/app/public/wp-...')
#4 {main}
  thrown in /app/public/wp-content/themes/tory-theme/front-page.php on line 30
[21-Jan-2019 11:33:11 UTC] PHP Fatal error:  Uncaught Exception: DateTime::__construct(): Failed to parse time string (22/01/2019) at position 0 (2): Unexpected character in /app/public/wp-content/themes/tory-theme/front-page.php:30
Stack trace:
#0 /app/public/wp-content/themes/tory-theme/front-page.php(30): DateTime->__construct('22/01/2019')
#1 /app/public/wp-includes/template-loader.php(74): include('/app/public/wp-...')
#2 /app/public/wp-blog-header.php(19): require_once('/app/public/wp-...')
#3 /app/public/index.php(17): require('/app/public/wp-...')
#4 {main}
  thrown in /app/public/wp-content/themes/tory-theme/front-page.php on line 30
[21-Jan-2019 11:33:57 UTC] PHP Fatal error:  Uncaught Exception: DateTime::__construct(): Failed to parse time string (22/01/2019) at position 0 (2): Unexpected character in /app/public/wp-content/themes/tory-theme/front-page.php:30
Stack trace:
#0 /app/public/wp-content/themes/tory-theme/front-page.php(30): DateTime->__construct('22/01/2019')
#1 /app/public/wp-includes/template-loader.php(74): include('/app/public/wp-...')
#2 /app/public/wp-blog-header.php(19): require_once('/app/public/wp-...')
#3 /app/public/index.php(17): require('/app/public/wp-...')
#4 {main}
  thrown in /app/public/wp-content/themes/tory-theme/front-page.php on line 30
[21-Jan-2019 11:34:32 UTC] PHP Fatal error:  Uncaught ArgumentCountError: Too few arguments to function get_field(), 0 passed in /app/public/wp-content/themes/tory-theme/front-page.php on line 30 and at least 1 expected in /app/public/wp-content/plugins/advanced-custom-fields/includes/api/api-template.php:20
Stack trace:
#0 /app/public/wp-content/themes/tory-theme/front-page.php(30): get_field()
#1 /app/public/wp-includes/template-loader.php(74): include('/app/public/wp-...')
#2 /app/public/wp-blog-header.php(19): require_once('/app/public/wp-...')
#3 /app/public/index.php(17): require('/app/public/wp-...')
#4 {main}
  thrown in /app/public/wp-content/plugins/advanced-custom-fields/includes/api/api-template.php on line 20
[21-Jan-2019 11:34:32 UTC] PHP Fatal error:  Uncaught ArgumentCountError: Too few arguments to function get_field(), 0 passed in /app/public/wp-content/themes/tory-theme/front-page.php on line 30 and at least 1 expected in /app/public/wp-content/plugins/advanced-custom-fields/includes/api/api-template.php:20
Stack trace:
#0 /app/public/wp-content/themes/tory-theme/front-page.php(30): get_field()
#1 /app/public/wp-includes/template-loader.php(74): include('/app/public/wp-...')
#2 /app/public/wp-blog-header.php(19): require_once('/app/public/wp-...')
#3 /app/public/index.php(17): require('/app/public/wp-...')
#4 {main}
  thrown in /app/public/wp-content/plugins/advanced-custom-fields/includes/api/api-template.php on line 20
[21-Jan-2019 11:34:32 UTC] PHP Fatal error:  Uncaught ArgumentCountError: Too few arguments to function get_field(), 0 passed in /app/public/wp-content/themes/tory-theme/front-page.php on line 30 and at least 1 expected in /app/public/wp-content/plugins/advanced-custom-fields/includes/api/api-template.php:20
Stack trace:
#0 /app/public/wp-content/themes/tory-theme/front-page.php(30): get_field()
#1 /app/public/wp-includes/template-loader.php(74): include('/app/public/wp-...')
#2 /app/public/wp-blog-header.php(19): require_once('/app/public/wp-...')
#3 /app/public/index.php(17): require('/app/public/wp-...')
#4 {main}
  thrown in /app/public/wp-content/plugins/advanced-custom-fields/includes/api/api-template.php on line 20
[21-Jan-2019 11:34:32 UTC] PHP Fatal error:  Uncaught ArgumentCountError: Too few arguments to function get_field(), 0 passed in /app/public/wp-content/themes/tory-theme/front-page.php on line 30 and at least 1 expected in /app/public/wp-content/plugins/advanced-custom-fields/includes/api/api-template.php:20
Stack trace:
#0 /app/public/wp-content/themes/tory-theme/front-page.php(30): get_field()
#1 /app/public/wp-includes/template-loader.php(74): include('/app/public/wp-...')
#2 /app/public/wp-blog-header.php(19): require_once('/app/public/wp-...')
#3 /app/public/index.php(17): require('/app/public/wp-...')
#4 {main}
  thrown in /app/public/wp-content/plugins/advanced-custom-fields/includes/api/api-template.php on line 20
[21-Jan-2019 11:34:45 UTC] PHP Fatal error:  Uncaught ArgumentCountError: Too few arguments to function get_field(), 0 passed in /app/public/wp-content/themes/tory-theme/front-page.php on line 30 and at least 1 expected in /app/public/wp-content/plugins/advanced-custom-fields/includes/api/api-template.php:20
Stack trace:
#0 /app/public/wp-content/themes/tory-theme/front-page.php(30): get_field()
#1 /app/public/wp-includes/template-loader.php(74): include('/app/public/wp-...')
#2 /app/public/wp-blog-header.php(19): require_once('/app/public/wp-...')
#3 /app/public/index.php(17): require('/app/public/wp-...')
#4 {main}
  thrown in /app/public/wp-content/plugins/advanced-custom-fields/includes/api/api-template.php on line 20
[21-Jan-2019 11:35:21 UTC] PHP Fatal error:  Uncaught Exception: DateTime::__construct(): Failed to parse time string (22/01/2019) at position 0 (2): Unexpected character in /app/public/wp-content/themes/tory-theme/front-page.php:30
Stack trace:
#0 /app/public/wp-content/themes/tory-theme/front-page.php(30): DateTime->__construct('22/01/2019')
#1 /app/public/wp-includes/template-loader.php(74): include('/app/public/wp-...')
#2 /app/public/wp-blog-header.php(19): require_once('/app/public/wp-...')
#3 /app/public/index.php(17): require('/app/public/wp-...')
#4 {main}
  thrown in /app/public/wp-content/themes/tory-theme/front-page.php on line 30
[21-Jan-2019 11:35:21 UTC] PHP Fatal error:  Uncaught Exception: DateTime::__construct(): Failed to parse time string (22/01/2019) at position 0 (2): Unexpected character in /app/public/wp-content/themes/tory-theme/front-page.php:30
Stack trace:
#0 /app/public/wp-content/themes/tory-theme/front-page.php(30): DateTime->__construct('22/01/2019')
#1 /app/public/wp-includes/template-loader.php(74): include('/app/public/wp-...')
#2 /app/public/wp-blog-header.php(19): require_once('/app/public/wp-...')
#3 /app/public/index.php(17): require('/app/public/wp-...')
#4 {main}
  thrown in /app/public/wp-content/themes/tory-theme/front-page.php on line 30
[21-Jan-2019 11:36:22 UTC] PHP Fatal error:  Uncaught Exception: DateTime::__construct(): Failed to parse time string (22/01/2019) at position 0 (2): Unexpected character in /app/public/wp-content/themes/tory-theme/front-page.php:30
Stack trace:
#0 /app/public/wp-content/themes/tory-theme/front-page.php(30): DateTime->__construct('22/01/2019')
#1 /app/public/wp-includes/template-loader.php(74): include('/app/public/wp-...')
#2 /app/public/wp-blog-header.php(19): require_once('/app/public/wp-...')
#3 /app/public/index.php(17): require('/app/public/wp-...')
#4 {main}
  thrown in /app/public/wp-content/themes/tory-theme/front-page.php on line 30
[21-Jan-2019 11:38:04 UTC] PHP Fatal error:  Uncaught Exception: DateTime::__construct(): Failed to parse time string (22/01/2019) at position 0 (2): Unexpected character in /app/public/wp-content/themes/tory-theme/front-page.php:30
Stack trace:
#0 /app/public/wp-content/themes/tory-theme/front-page.php(30): DateTime->__construct('22/01/2019')
#1 /app/public/wp-includes/template-loader.php(74): include('/app/public/wp-...')
#2 /app/public/wp-blog-header.php(19): require_once('/app/public/wp-...')
#3 /app/public/index.php(17): require('/app/public/wp-...')
#4 {main}
  thrown in /app/public/wp-content/themes/tory-theme/front-page.php on line 30
[21-Jan-2019 11:40:38 UTC] PHP Fatal error:  Uncaught Exception: DateTime::__construct(): Failed to parse time string (22/01/2019) at position 0 (2): Unexpected character in /app/public/wp-content/themes/tory-theme/front-page.php:30
Stack trace:
#0 /app/public/wp-content/themes/tory-theme/front-page.php(30): DateTime->__construct('22/01/2019')
#1 /app/public/wp-includes/template-loader.php(74): include('/app/public/wp-...')
#2 /app/public/wp-blog-header.php(19): require_once('/app/public/wp-...')
#3 /app/public/index.php(17): require('/app/public/wp-...')
#4 {main}
  thrown in /app/public/wp-content/themes/tory-theme/front-page.php on line 30
[21-Jan-2019 11:41:40 UTC] PHP Fatal error:  Uncaught Exception: DateTime::__construct(): Failed to parse time string (22/01/2019) at position 0 (2): Unexpected character in /app/public/wp-content/themes/tory-theme/front-page.php:30
Stack trace:
#0 /app/public/wp-content/themes/tory-theme/front-page.php(30): DateTime->__construct('22/01/2019')
#1 /app/public/wp-includes/template-loader.php(74): include('/app/public/wp-...')
#2 /app/public/wp-blog-header.php(19): require_once('/app/public/wp-...')
#3 /app/public/index.php(17): require('/app/public/wp-...')
#4 {main}
  thrown in /app/public/wp-content/themes/tory-theme/front-page.php on line 30
[21-Jan-2019 11:41:44 UTC] PHP Fatal error:  Uncaught Exception: DateTime::__construct(): Failed to parse time string (22/01/2019) at position 0 (2): Unexpected character in /app/public/wp-content/themes/tory-theme/front-page.php:30
Stack trace:
#0 /app/public/wp-content/themes/tory-theme/front-page.php(30): DateTime->__construct('22/01/2019')
#1 /app/public/wp-includes/template-loader.php(74): include('/app/public/wp-...')
#2 /app/public/wp-blog-header.php(19): require_once('/app/public/wp-...')
#3 /app/public/index.php(17): require('/app/public/wp-...')
#4 {main}
  thrown in /app/public/wp-content/themes/tory-theme/front-page.php on line 30
[21-Jan-2019 11:41:50 UTC] PHP Fatal error:  Uncaught Exception: DateTime::__construct(): Failed to parse time string (22/01/2019) at position 0 (2): Unexpected character in /app/public/wp-content/themes/tory-theme/front-page.php:30
Stack trace:
#0 /app/public/wp-content/themes/tory-theme/front-page.php(30): DateTime->__construct('22/01/2019')
#1 /app/public/wp-includes/template-loader.php(74): include('/app/public/wp-...')
#2 /app/public/wp-blog-header.php(19): require_once('/app/public/wp-...')
#3 /app/public/index.php(17): require('/app/public/wp-...')
#4 {main}
  thrown in /app/public/wp-content/themes/tory-theme/front-page.php on line 30
[21-Jan-2019 11:41:50 UTC] PHP Fatal error:  Uncaught Exception: DateTime::__construct(): Failed to parse time string (22/01/2019) at position 0 (2): Unexpected character in /app/public/wp-content/themes/tory-theme/front-page.php:30
Stack trace:
#0 /app/public/wp-content/themes/tory-theme/front-page.php(30): DateTime->__construct('22/01/2019')
#1 /app/public/wp-includes/template-loader.php(74): include('/app/public/wp-...')
#2 /app/public/wp-blog-header.php(19): require_once('/app/public/wp-...')
#3 /app/public/index.php(17): require('/app/public/wp-...')
#4 {main}
  thrown in /app/public/wp-content/themes/tory-theme/front-page.php on line 30
[21-Jan-2019 11:41:50 UTC] PHP Fatal error:  Uncaught Exception: DateTime::__construct(): Failed to parse time string (22/01/2019) at position 0 (2): Unexpected character in /app/public/wp-content/themes/tory-theme/front-page.php:30
Stack trace:
#0 /app/public/wp-content/themes/tory-theme/front-page.php(30): DateTime->__construct('22/01/2019')
#1 /app/public/wp-includes/template-loader.php(74): include('/app/public/wp-...')
#2 /app/public/wp-blog-header.php(19): require_once('/app/public/wp-...')
#3 /app/public/index.php(17): require('/app/public/wp-...')
#4 {main}
  thrown in /app/public/wp-content/themes/tory-theme/front-page.php on line 30
[21-Jan-2019 11:41:50 UTC] PHP Fatal error:  Uncaught Exception: DateTime::__construct(): Failed to parse time string (22/01/2019) at position 0 (2): Unexpected character in /app/public/wp-content/themes/tory-theme/front-page.php:30
Stack trace:
#0 /app/public/wp-content/themes/tory-theme/front-page.php(30): DateTime->__construct('22/01/2019')
#1 /app/public/wp-includes/template-loader.php(74): include('/app/public/wp-...')
#2 /app/public/wp-blog-header.php(19): require_once('/app/public/wp-...')
#3 /app/public/index.php(17): require('/app/public/wp-...')
#4 {main}
  thrown in /app/public/wp-content/themes/tory-theme/front-page.php on line 30
[21-Jan-2019 11:41:50 UTC] PHP Fatal error:  Uncaught Exception: DateTime::__construct(): Failed to parse time string (22/01/2019) at position 0 (2): Unexpected character in /app/public/wp-content/themes/tory-theme/front-page.php:30
Stack trace:
#0 /app/public/wp-content/themes/tory-theme/front-page.php(30): DateTime->__construct('22/01/2019')
#1 /app/public/wp-includes/template-loader.php(74): include('/app/public/wp-...')
#2 /app/public/wp-blog-header.php(19): require_once('/app/public/wp-...')
#3 /app/public/index.php(17): require('/app/public/wp-...')
#4 {main}
  thrown in /app/public/wp-content/themes/tory-theme/front-page.php on line 30
[21-Jan-2019 11:41:55 UTC] PHP Fatal error:  Uncaught Exception: DateTime::__construct(): Failed to parse time string (22/01/2019) at position 0 (2): Unexpected character in /app/public/wp-content/themes/tory-theme/front-page.php:30
Stack trace:
#0 /app/public/wp-content/themes/tory-theme/front-page.php(30): DateTime->__construct('22/01/2019')
#1 /app/public/wp-includes/template-loader.php(74): include('/app/public/wp-...')
#2 /app/public/wp-blog-header.php(19): require_once('/app/public/wp-...')
#3 /app/public/index.php(17): require('/app/public/wp-...')
#4 {main}
  thrown in /app/public/wp-content/themes/tory-theme/front-page.php on line 30
[21-Jan-2019 11:42:23 UTC] PHP Fatal error:  Uncaught Exception: DateTime::__construct(): Failed to parse time string (22/01/2019) at position 0 (2): Unexpected character in /app/public/wp-content/themes/tory-theme/front-page.php:30
Stack trace:
#0 /app/public/wp-content/themes/tory-theme/front-page.php(30): DateTime->__construct('22/01/2019')
#1 /app/public/wp-includes/template-loader.php(74): include('/app/public/wp-...')
#2 /app/public/wp-blog-header.php(19): require_once('/app/public/wp-...')
#3 /app/public/index.php(17): require('/app/public/wp-...')
#4 {main}
  thrown in /app/public/wp-content/themes/tory-theme/front-page.php on line 30
[30-Jan-2019 09:53:31 UTC] PHP Parse error:  syntax error, unexpected ')' in /app/public/wp-content/themes/tory-theme/functions.php on line 23
[30-Jan-2019 09:53:31 UTC] PHP Parse error:  syntax error, unexpected ')' in /app/public/wp-content/themes/tory-theme/functions.php on line 23
[30-Jan-2019 09:55:16 UTC] PHP Parse error:  syntax error, unexpected 'pre_get_posts' (T_STRING), expecting ',' or ')' in /app/public/wp-content/themes/tory-theme/functions.php on line 27
[30-Jan-2019 09:55:16 UTC] PHP Parse error:  syntax error, unexpected 'pre_get_posts' (T_STRING), expecting ',' or ')' in /app/public/wp-content/themes/tory-theme/functions.php on line 27
[30-Jan-2019 10:31:13 UTC] PHP Fatal error:  Uncaught Error: Call to a member function have_posts() on string in /app/public/wp-content/themes/tory-theme/page-past-events.php:33
Stack trace:
#0 /app/public/wp-includes/template-loader.php(74): include()
#1 /app/public/wp-blog-header.php(19): require_once('/app/public/wp-...')
#2 /app/public/index.php(17): require('/app/public/wp-...')
#3 {main}
  thrown in /app/public/wp-content/themes/tory-theme/page-past-events.php on line 33
[30-Jan-2019 10:32:40 UTC] PHP Fatal error:  Uncaught Error: Call to a member function have_posts() on string in /app/public/wp-content/themes/tory-theme/page-past-events.php:33
Stack trace:
#0 /app/public/wp-includes/template-loader.php(74): include()
#1 /app/public/wp-blog-header.php(19): require_once('/app/public/wp-...')
#2 /app/public/index.php(17): require('/app/public/wp-...')
#3 {main}
  thrown in /app/public/wp-content/themes/tory-theme/page-past-events.php on line 33
[30-Jan-2019 10:32:40 UTC] PHP Fatal error:  Uncaught Error: Call to a member function have_posts() on string in /app/public/wp-content/themes/tory-theme/page-past-events.php:33
Stack trace:
#0 /app/public/wp-includes/template-loader.php(74): include()
#1 /app/public/wp-blog-header.php(19): require_once('/app/public/wp-...')
#2 /app/public/index.php(17): require('/app/public/wp-...')
#3 {main}
  thrown in /app/public/wp-content/themes/tory-theme/page-past-events.php on line 33
[30-Jan-2019 10:33:13 UTC] PHP Fatal error:  Uncaught Error: Call to a member function have_posts() on string in /app/public/wp-content/themes/tory-theme/page-past-events.php:33
Stack trace:
#0 /app/public/wp-includes/template-loader.php(74): include()
#1 /app/public/wp-blog-header.php(19): require_once('/app/public/wp-...')
#2 /app/public/index.php(17): require('/app/public/wp-...')
#3 {main}
  thrown in /app/public/wp-content/themes/tory-theme/page-past-events.php on line 33
[30-Jan-2019 10:33:13 UTC] PHP Fatal error:  Uncaught Error: Call to a member function have_posts() on string in /app/public/wp-content/themes/tory-theme/page-past-events.php:33
Stack trace:
#0 /app/public/wp-includes/template-loader.php(74): include()
#1 /app/public/wp-blog-header.php(19): require_once('/app/public/wp-...')
#2 /app/public/index.php(17): require('/app/public/wp-...')
#3 {main}
  thrown in /app/public/wp-content/themes/tory-theme/page-past-events.php on line 33
[30-Jan-2019 10:33:13 UTC] PHP Fatal error:  Uncaught Error: Call to a member function have_posts() on string in /app/public/wp-content/themes/tory-theme/page-past-events.php:33
Stack trace:
#0 /app/public/wp-includes/template-loader.php(74): include()
#1 /app/public/wp-blog-header.php(19): require_once('/app/public/wp-...')
#2 /app/public/index.php(17): require('/app/public/wp-...')
#3 {main}
  thrown in /app/public/wp-content/themes/tory-theme/page-past-events.php on line 33
[30-Jan-2019 10:34:22 UTC] PHP Fatal error:  Uncaught Error: Call to a member function have_posts() on string in /app/public/wp-content/themes/tory-theme/page-past-events.php:33
Stack trace:
#0 /app/public/wp-includes/template-loader.php(74): include()
#1 /app/public/wp-blog-header.php(19): require_once('/app/public/wp-...')
#2 /app/public/index.php(17): require('/app/public/wp-...')
#3 {main}
  thrown in /app/public/wp-content/themes/tory-theme/page-past-events.php on line 33
[30-Jan-2019 10:34:22 UTC] PHP Fatal error:  Uncaught Error: Call to a member function have_posts() on string in /app/public/wp-content/themes/tory-theme/page-past-events.php:33
Stack trace:
#0 /app/public/wp-includes/template-loader.php(74): include()
#1 /app/public/wp-blog-header.php(19): require_once('/app/public/wp-...')
#2 /app/public/index.php(17): require('/app/public/wp-...')
#3 {main}
  thrown in /app/public/wp-content/themes/tory-theme/page-past-events.php on line 33
[30-Jan-2019 10:34:22 UTC] PHP Fatal error:  Uncaught Error: Call to a member function have_posts() on string in /app/public/wp-content/themes/tory-theme/page-past-events.php:33
Stack trace:
#0 /app/public/wp-includes/template-loader.php(74): include()
#1 /app/public/wp-blog-header.php(19): require_once('/app/public/wp-...')
#2 /app/public/index.php(17): require('/app/public/wp-...')
#3 {main}
  thrown in /app/public/wp-content/themes/tory-theme/page-past-events.php on line 33
[30-Jan-2019 11:19:03 UTC] PHP Parse error:  syntax error, unexpected ''posts_per_page'' (T_CONSTANT_ENCAPSED_STRING), expecting ')' in /app/public/wp-content/themes/tory-theme/page-past-events.php on line 20
[30-Jan-2019 11:19:15 UTC] PHP Fatal error:  Uncaught Error: Call to undefined function get_meta_query_var() in /app/public/wp-content/themes/tory-theme/page-past-events.php:19
Stack trace:
#0 /app/public/wp-includes/template-loader.php(74): include()
#1 /app/public/wp-blog-header.php(19): require_once('/app/public/wp-...')
#2 /app/public/index.php(17): require('/app/public/wp-...')
#3 {main}
  thrown in /app/public/wp-content/themes/tory-theme/page-past-events.php on line 19
[30-Jan-2019 11:19:31 UTC] PHP Fatal error:  Uncaught Error: Call to undefined function get_meta_query_var() in /app/public/wp-content/themes/tory-theme/page-past-events.php:19
Stack trace:
#0 /app/public/wp-includes/template-loader.php(74): include()
#1 /app/public/wp-blog-header.php(19): require_once('/app/public/wp-...')
#2 /app/public/index.php(17): require('/app/public/wp-...')
#3 {main}
  thrown in /app/public/wp-content/themes/tory-theme/page-past-events.php on line 19
[31-Jan-2019 08:59:55 UTC] PHP Parse error:  syntax error, unexpected 'foreach' (T_FOREACH), expecting identifier (T_STRING) in /app/public/wp-content/themes/tory-theme/single-event.php on line 34
[31-Jan-2019 09:20:37 UTC] PHP Parse error:  syntax error, unexpected '<' in /app/public/wp-content/themes/tory-theme/single-event.php on line 40
[31-Jan-2019 09:20:49 UTC] PHP Parse error:  syntax error, unexpected '<' in /app/public/wp-content/themes/tory-theme/single-event.php on line 40
[31-Jan-2019 09:25:33 UTC] PHP Parse error:  syntax error, unexpected end of file in /app/public/wp-content/themes/tory-theme/single-event.php on line 49
[31-Jan-2019 09:27:39 UTC] PHP Parse error:  syntax error, unexpected end of file in /app/public/wp-content/themes/tory-theme/single-event.php on line 47
[31-Jan-2019 09:27:58 UTC] PHP Parse error:  syntax error, unexpected end of file in /app/public/wp-content/themes/tory-theme/single-event.php on line 47
[31-Jan-2019 09:28:03 UTC] PHP Parse error:  syntax error, unexpected end of file in /app/public/wp-content/themes/tory-theme/single-event.php on line 47
[31-Jan-2019 09:31:45 UTC] PHP Parse error:  syntax error, unexpected end of file in /app/public/wp-content/themes/tory-theme/single-event.php on line 40
[31-Jan-2019 09:32:27 UTC] PHP Parse error:  syntax error, unexpected end of file in /app/public/wp-content/themes/tory-theme/single-event.php on line 42
[31-Jan-2019 09:33:24 UTC] PHP Parse error:  syntax error, unexpected end of file in /app/public/wp-content/themes/tory-theme/single-event.php on line 46
[31-Jan-2019 09:42:57 UTC] PHP Parse error:  syntax error, unexpected end of file in /app/public/wp-content/themes/tory-theme/single-event.php on line 47
[31-Jan-2019 09:43:26 UTC] PHP Parse error:  syntax error, unexpected end of file in /app/public/wp-content/themes/tory-theme/single-event.php on line 47
[31-Jan-2019 09:46:12 UTC] PHP Parse error:  syntax error, unexpected '<' in /app/public/wp-content/themes/tory-theme/single-event.php on line 44
[31-Jan-2019 09:55:36 UTC] PHP Parse error:  syntax error, unexpected ';', expecting ')' in /app/public/wp-content/themes/tory-theme/single-genres.php on line 49
[31-Jan-2019 09:55:57 UTC] PHP Fatal error:  Uncaught Error: Call to undefined function et_the_ID() in /app/public/wp-content/themes/tory-theme/single-genres.php:49
Stack trace:
#0 /app/public/wp-includes/template-loader.php(74): include()
#1 /app/public/wp-blog-header.php(19): require_once('/app/public/wp-...')
#2 /app/public/index.php(17): require('/app/public/wp-...')
#3 {main}
  thrown in /app/public/wp-content/themes/tory-theme/single-genres.php on line 49
[31-Jan-2019 10:18:08 UTC] PHP Fatal error:  Uncaught Error: Call to undefined function et_the_ID() in /app/public/wp-content/themes/tory-theme/single-genres.php:49
Stack trace:
#0 /app/public/wp-includes/template-loader.php(74): include()
#1 /app/public/wp-blog-header.php(19): require_once('/app/public/wp-...')
#2 /app/public/index.php(17): require('/app/public/wp-...')
#3 {main}
  thrown in /app/public/wp-content/themes/tory-theme/single-genres.php on line 49
[31-Jan-2019 10:28:45 UTC] PHP Parse error:  syntax error, unexpected '<' in /app/public/wp-content/themes/tory-theme/single-genres.php on line 54
[31-Jan-2019 10:29:05 UTC] PHP Parse error:  syntax error, unexpected 'echo' (T_ECHO), expecting ',' or ';' in /app/public/wp-content/themes/tory-theme/single-genres.php on line 55
[31-Jan-2019 10:29:35 UTC] PHP Parse error:  syntax error, unexpected 'while' (T_WHILE), expecting ',' or ';' in /app/public/wp-content/themes/tory-theme/single-genres.php on line 57
[31-Jan-2019 10:29:50 UTC] PHP Fatal error:  Uncaught Error: Call to undefined function et_the_ID() in /app/public/wp-content/themes/tory-theme/single-genres.php:49
Stack trace:
#0 /app/public/wp-includes/template-loader.php(74): include()
#1 /app/public/wp-blog-header.php(19): require_once('/app/public/wp-...')
#2 /app/public/index.php(17): require('/app/public/wp-...')
#3 {main}
  thrown in /app/public/wp-content/themes/tory-theme/single-genres.php on line 49
[31-Jan-2019 10:37:45 UTC] PHP Parse error:  syntax error, unexpected end of file in /app/public/wp-content/themes/tory-theme/single-genres.php on line 87
[31-Jan-2019 10:39:04 UTC] PHP Parse error:  syntax error, unexpected end of file in /app/public/wp-content/themes/tory-theme/single-genres.php on line 86
[31-Jan-2019 10:39:04 UTC] PHP Parse error:  syntax error, unexpected end of file in /app/public/wp-content/themes/tory-theme/single-genres.php on line 86
[31-Jan-2019 10:48:08 UTC] PHP Parse error:  syntax error, unexpected end of file in /app/public/wp-content/themes/tory-theme/single-genres.php on line 71
[31-Jan-2019 10:48:27 UTC] PHP Parse error:  syntax error, unexpected end of file in /app/public/wp-content/themes/tory-theme/single-genres.php on line 73
[31-Jan-2019 10:49:18 UTC] PHP Parse error:  syntax error, unexpected end of file in /app/public/wp-content/themes/tory-theme/single-genres.php on line 72
[31-Jan-2019 10:50:21 UTC] PHP Parse error:  syntax error, unexpected end of file in /app/public/wp-content/themes/tory-theme/single-genres.php on line 69
[31-Jan-2019 11:00:36 UTC] PHP Parse error:  syntax error, unexpected 'echo' (T_ECHO) in /app/public/wp-content/themes/tory-theme/header.php on line 19
[31-Jan-2019 11:01:57 UTC] PHP Parse error:  syntax error, unexpected 'echo' (T_ECHO) in /app/public/wp-content/themes/tory-theme/header.php on line 19
[31-Jan-2019 11:01:57 UTC] PHP Parse error:  syntax error, unexpected 'echo' (T_ECHO) in /app/public/wp-content/themes/tory-theme/header.php on line 19
[31-Jan-2019 11:01:57 UTC] PHP Parse error:  syntax error, unexpected 'echo' (T_ECHO) in /app/public/wp-content/themes/tory-theme/header.php on line 19
[31-Jan-2019 11:06:55 UTC] PHP Parse error:  syntax error, unexpected 'echo' (T_ECHO) in /app/public/wp-content/themes/tory-theme/header.php on line 19
[31-Jan-2019 11:13:42 UTC] PHP Parse error:  syntax error, unexpected ')', expecting ',' or ';' in /app/public/wp-content/themes/tory-theme/header.php on line 19
[31-Jan-2019 11:20:06 UTC] PHP Parse error:  syntax error, unexpected 'Ymd' (T_STRING), expecting ',' or ')' in /app/public/wp-content/themes/tory-theme/front-page.php on line 20
[31-Jan-2019 13:29:40 UTC] PHP Parse error:  syntax error, unexpected 'oseurhgto' (T_STRING) in /app/public/wp-content/themes/tory-theme/single-genres.php on line 48
[06-Feb-2019 08:25:15 UTC] PHP Warning:  Illegal string offset '' in /app/public/wp-content/themes/tory-theme/functions.php on line 11
[06-Feb-2019 08:32:16 UTC] PHP Parse error:  syntax error, unexpected '$', expecting variable (T_VARIABLE) in /app/public/wp-content/themes/tory-theme/functions.php on line 3
[06-Feb-2019 08:35:58 UTC] PHP Parse error:  syntax error, unexpected 'get_the_title' (T_STRING) in /app/public/wp-content/themes/tory-theme/functions.php on line 5
[06-Feb-2019 09:39:32 UTC] PHP Parse error:  syntax error, unexpected '=', expecting ')' in /app/public/wp-content/themes/tory-theme/archive-genres.php on line 3
[06-Feb-2019 09:53:21 UTC] PHP Parse error:  syntax error, unexpected '=', expecting ')' in /app/public/wp-content/themes/tory-theme/archive-genres.php on line 5
[06-Feb-2019 09:54:00 UTC] PHP Parse error:  syntax error, unexpected '=', expecting ')' in /app/public/wp-content/themes/tory-theme/archive-genres.php on line 6
[06-Feb-2019 09:54:33 UTC] PHP Parse error:  syntax error, unexpected '=', expecting ')' in /app/public/wp-content/themes/tory-theme/archive-genres.php on line 6
[06-Feb-2019 09:55:00 UTC] PHP Parse error:  syntax error, unexpected '=', expecting ')' in /app/public/wp-content/themes/tory-theme/archive-genres.php on line 5
[06-Feb-2019 09:58:03 UTC] PHP Parse error:  syntax error, unexpected '=', expecting ')' in /app/public/wp-content/themes/tory-theme/archive-genres.php on line 4
[06-Feb-2019 09:58:16 UTC] PHP Parse error:  syntax error, unexpected '=', expecting ')' in /app/public/wp-content/themes/tory-theme/archive-genres.php on line 4
[06-Feb-2019 11:24:56 UTC] PHP Parse error:  syntax error, unexpected '}' in /app/public/wp-content/themes/tory-theme/single-genres.php on line 59
[06-Feb-2019 11:25:18 UTC] PHP Parse error:  syntax error, unexpected '}' in /app/public/wp-content/themes/tory-theme/single-genres.php on line 60
[06-Feb-2019 11:25:57 UTC] PHP Parse error:  syntax error, unexpected '}' in /app/public/wp-content/themes/tory-theme/single-genres.php on line 61
[06-Feb-2019 11:26:36 UTC] PHP Parse error:  syntax error, unexpected '}' in /app/public/wp-content/themes/tory-theme/single-genres.php on line 61
[07-Feb-2019 10:18:51 UTC] PHP Parse error:  syntax error, unexpected '?>' in /app/public/wp-content/themes/tory-theme/archive-festival.php on line 14
[07-Feb-2019 10:19:11 UTC] PHP Fatal error:  Cannot use [] for reading in /app/public/wp-content/themes/tory-theme/archive-festival.php on line 14
[07-Feb-2019 10:19:27 UTC] PHP Parse error:  syntax error, unexpected ',', expecting ']' in /app/public/wp-content/themes/tory-theme/archive-festival.php on line 14
[07-Feb-2019 10:26:27 UTC] PHP Parse error:  syntax error, unexpected end of file in /app/public/wp-content/themes/tory-theme/single-festival.php on line 75
[07-Feb-2019 10:28:16 UTC] PHP Parse error:  syntax error, unexpected '<' in /app/public/wp-content/themes/tory-theme/single-festival.php on line 13
[07-Feb-2019 10:28:46 UTC] PHP Parse error:  syntax error, unexpected '<' in /app/public/wp-content/themes/tory-theme/single-festival.php on line 13
[15-Feb-2019 09:08:35 UTC] PHP Parse error:  syntax error, unexpected '}', expecting ',' or ';' in /app/public/wp-content/themes/tory-theme/single-genres.php on line 69
[15-Feb-2019 09:08:35 UTC] PHP Parse error:  syntax error, unexpected '}', expecting ',' or ';' in /app/public/wp-content/themes/tory-theme/single-genres.php on line 69
[15-Feb-2019 09:08:35 UTC] PHP Parse error:  syntax error, unexpected '}', expecting ',' or ';' in /app/public/wp-content/themes/tory-theme/single-genres.php on line 69
[21-Feb-2019 09:16:46 UTC] PHP Warning:  Use of undefined constant get_ - assumed 'get_' (this will throw an Error in a future version of PHP) in /app/public/wp-content/themes/tory-theme/functions.php on line 39
[21-Feb-2019 09:16:50 UTC] PHP Fatal error:  Uncaught Error: Call to undefined function get_site_urll() in /app/public/wp-content/themes/tory-theme/functions.php:39
Stack trace:
#0 /app/public/wp-includes/class-wp-hook.php(286): tory_files('')
#1 /app/public/wp-includes/class-wp-hook.php(310): WP_Hook->apply_filters(NULL, Array)
#2 /app/public/wp-includes/plugin.php(453): WP_Hook->do_action(Array)
#3 /app/public/wp-includes/script-loader.php(2231): do_action('wp_enqueue_scri...')
#4 /app/public/wp-includes/class-wp-hook.php(286): wp_enqueue_scripts('')
#5 /app/public/wp-includes/class-wp-hook.php(310): WP_Hook->apply_filters(NULL, Array)
#6 /app/public/wp-includes/plugin.php(453): WP_Hook->do_action(Array)
#7 /app/public/wp-includes/general-template.php(2614): do_action('wp_head')
#8 /app/public/wp-content/themes/tory-theme/header.php(6): wp_head()
#9 /app/public/wp-includes/template.php(688): require_once('/app/public/wp-...')
#10 /app/public/wp-includes/template.php(647): load_template('/app/public/wp-...', true)
#11 /app/public/wp-includes/general-te in /app/public/wp-content/themes/tory-theme/functions.php on line 39
[21-Feb-2019 09:16:53 UTC] PHP Fatal error:  Uncaught Error: Call to undefined function get_site_urll() in /app/public/wp-content/themes/tory-theme/functions.php:39
Stack trace:
#0 /app/public/wp-includes/class-wp-hook.php(286): tory_files('')
#1 /app/public/wp-includes/class-wp-hook.php(310): WP_Hook->apply_filters(NULL, Array)
#2 /app/public/wp-includes/plugin.php(453): WP_Hook->do_action(Array)
#3 /app/public/wp-includes/script-loader.php(2231): do_action('wp_enqueue_scri...')
#4 /app/public/wp-includes/class-wp-hook.php(286): wp_enqueue_scripts('')
#5 /app/public/wp-includes/class-wp-hook.php(310): WP_Hook->apply_filters(NULL, Array)
#6 /app/public/wp-includes/plugin.php(453): WP_Hook->do_action(Array)
#7 /app/public/wp-includes/general-template.php(2614): do_action('wp_head')
#8 /app/public/wp-content/themes/tory-theme/header.php(6): wp_head()
#9 /app/public/wp-includes/template.php(688): require_once('/app/public/wp-...')
#10 /app/public/wp-includes/template.php(647): load_template('/app/public/wp-...', true)
#11 /app/public/wp-includes/general-te in /app/public/wp-content/themes/tory-theme/functions.php on line 39
[21-Feb-2019 09:17:22 UTC] PHP Fatal error:  Uncaught Error: Call to undefined function get_site_urll() in /app/public/wp-content/themes/tory-theme/functions.php:39
Stack trace:
#0 /app/public/wp-includes/class-wp-hook.php(286): tory_files('')
#1 /app/public/wp-includes/class-wp-hook.php(310): WP_Hook->apply_filters(NULL, Array)
#2 /app/public/wp-includes/plugin.php(453): WP_Hook->do_action(Array)
#3 /app/public/wp-includes/script-loader.php(2231): do_action('wp_enqueue_scri...')
#4 /app/public/wp-includes/class-wp-hook.php(286): wp_enqueue_scripts('')
#5 /app/public/wp-includes/class-wp-hook.php(310): WP_Hook->apply_filters(NULL, Array)
#6 /app/public/wp-includes/plugin.php(453): WP_Hook->do_action(Array)
#7 /app/public/wp-includes/general-template.php(2614): do_action('wp_head')
#8 /app/public/wp-content/themes/tory-theme/header.php(6): wp_head()
#9 /app/public/wp-includes/template.php(688): require_once('/app/public/wp-...')
#10 /app/public/wp-includes/template.php(647): load_template('/app/public/wp-...', true)
#11 /app/public/wp-includes/general-te in /app/public/wp-content/themes/tory-theme/functions.php on line 39
[22-Feb-2019 08:52:33 UTC] PHP Parse error:  syntax error, unexpected ')' in /app/public/wp-content/themes/tory-theme/functions.php on line 5
[22-Feb-2019 08:53:31 UTC] PHP Parse error:  syntax error, unexpected ')' in /app/public/wp-content/themes/tory-theme/functions.php on line 5
[23-Feb-2019 11:41:22 UTC] PHP Parse error:  syntax error, unexpected '}', expecting ';' in /app/public/wp-content/themes/tory-theme/includes/search-route.php on line 13
[23-Feb-2019 11:53:50 UTC] PHP Parse error:  syntax error, unexpected '=>' (T_DOUBLE_ARROW) in /app/public/wp-content/themes/tory-theme/includes/search-route.php on line 12
[23-Feb-2019 11:53:50 UTC] PHP Parse error:  syntax error, unexpected '=>' (T_DOUBLE_ARROW) in /app/public/wp-content/themes/tory-theme/includes/search-route.php on line 12
[23-Feb-2019 11:53:54 UTC] PHP Parse error:  syntax error, unexpected '=>' (T_DOUBLE_ARROW) in /app/public/wp-content/themes/tory-theme/includes/search-route.php on line 12
[23-Feb-2019 11:53:54 UTC] PHP Parse error:  syntax error, unexpected '=>' (T_DOUBLE_ARROW) in /app/public/wp-content/themes/tory-theme/includes/search-route.php on line 12
[23-Feb-2019 11:53:54 UTC] PHP Parse error:  syntax error, unexpected '=>' (T_DOUBLE_ARROW) in /app/public/wp-content/themes/tory-theme/includes/search-route.php on line 12
[23-Feb-2019 11:57:42 UTC] PHP Parse error:  syntax error, unexpected '=>' (T_DOUBLE_ARROW) in /app/public/wp-content/themes/tory-theme/includes/search-route.php on line 12
[23-Feb-2019 12:04:32 UTC] PHP Parse error:  syntax error, unexpected '=>' (T_DOUBLE_ARROW), expecting ',' or ')' in /app/public/wp-content/themes/tory-theme/includes/search-route.php on line 21
[23-Feb-2019 12:04:35 UTC] PHP Parse error:  syntax error, unexpected '=>' (T_DOUBLE_ARROW), expecting ',' or ')' in /app/public/wp-content/themes/tory-theme/includes/search-route.php on line 21
[23-Feb-2019 12:04:53 UTC] PHP Parse error:  syntax error, unexpected '=', expecting ',' or ')' in /app/public/wp-content/themes/tory-theme/includes/search-route.php on line 21
[23-Feb-2019 12:05:03 UTC] PHP Parse error:  syntax error, unexpected '=', expecting ',' or ')' in /app/public/wp-content/themes/tory-theme/includes/search-route.php on line 21
[23-Feb-2019 12:05:03 UTC] PHP Parse error:  syntax error, unexpected '=', expecting ',' or ')' in /app/public/wp-content/themes/tory-theme/includes/search-route.php on line 21
[23-Feb-2019 12:05:03 UTC] PHP Parse error:  syntax error, unexpected '=', expecting ',' or ')' in /app/public/wp-content/themes/tory-theme/includes/search-route.php on line 21
[23-Feb-2019 12:05:05 UTC] PHP Parse error:  syntax error, unexpected '=', expecting ',' or ')' in /app/public/wp-content/themes/tory-theme/includes/search-route.php on line 21
[26-Feb-2019 09:14:17 UTC] PHP Parse error:  syntax error, unexpected ')', expecting variable (T_VARIABLE) in /app/public/wp-content/themes/tory-theme/includes/search-route.php on line 11
[27-Feb-2019 20:29:43 UTC] PHP Parse error:  syntax error, unexpected ')' in /app/public/wp-content/themes/tory-theme/includes/search-route.php on line 27
[27-Feb-2019 20:31:23 UTC] PHP Parse error:  syntax error, unexpected end of file in /app/public/wp-content/themes/tory-theme/includes/search-route.php on line 42
[28-Feb-2019 08:24:10 UTC] PHP Parse error:  syntax error, unexpected end of file in /app/public/wp-content/themes/tory-theme/includes/search-route.php on line 57
[28-Feb-2019 08:24:26 UTC] PHP Parse error:  syntax error, unexpected end of file in /app/public/wp-content/themes/tory-theme/includes/search-route.php on line 57
[28-Feb-2019 08:24:26 UTC] PHP Parse error:  syntax error, unexpected end of file in /app/public/wp-content/themes/tory-theme/includes/search-route.php on line 57
[28-Feb-2019 08:24:26 UTC] PHP Parse error:  syntax error, unexpected end of file in /app/public/wp-content/themes/tory-theme/includes/search-route.php on line 57
[14-Mar-2019 10:58:09 UTC] PHP Parse error:  syntax error, unexpected end of file in /app/public/wp-content/themes/tory-theme/includes/search-route.php on line 59
[14-Mar-2019 10:59:08 UTC] PHP Parse error:  syntax error, unexpected end of file in /app/public/wp-content/themes/tory-theme/includes/search-route.php on line 61
[14-Mar-2019 11:00:15 UTC] PHP Parse error:  syntax error, unexpected end of file in /app/public/wp-content/themes/tory-theme/includes/search-route.php on line 59
[14-Mar-2019 12:15:08 UTC] PHP Fatal error:  Uncaught Error: Call to undefined function acf_is_field_key() in /app/public/wp-content/plugins/advanced-custom-fields/includes/api/api-template.php:171
Stack trace:
#0 /app/public/wp-content/plugins/advanced-custom-fields/includes/api/api-template.php(27): acf_maybe_get_field('event_date', 89)
#1 /app/public/wp-content/themes/tory-theme/template-parts/content-event.php(4): get_field('event_date')
#2 /app/public/wp-includes/template.php(690): require('/app/public/wp-...')
#3 /app/public/wp-includes/template.php(647): load_template('/app/public/wp-...', false)
#4 /app/public/wp-includes/general-template.php(155): locate_template(Array, true, false)
#5 /app/public/wp-content/themes/tory-theme/front-page.php(39): get_template_part('template-parts/...', 'event')
#6 /app/public/wp-includes/template-loader.php(74): include('/app/public/wp-...')
#7 /app/public/wp-blog-header.php(19): require_once('/app/public/wp-...')
#8 /app/public/index.php(17): require('/app/public/wp-...')
#9 {main}
  thrown in /app/public/wp-content/plugins/advanced-custom-fields/includes/api/api-template.php on line 171
[14-Mar-2019 12:19:11 UTC] PHP Fatal error:  Uncaught Error: Call to undefined function acf_is_field_key() in /app/public/wp-content/plugins/advanced-custom-fields/includes/api/api-template.php:171
Stack trace:
#0 /app/public/wp-content/plugins/advanced-custom-fields/includes/api/api-template.php(27): acf_maybe_get_field('event_date', 89)
#1 /app/public/wp-content/themes/tory-theme/template-parts/content-event.php(4): get_field('event_date')
#2 /app/public/wp-includes/template.php(690): require('/app/public/wp-...')
#3 /app/public/wp-includes/template.php(647): load_template('/app/public/wp-...', false)
#4 /app/public/wp-includes/general-template.php(155): locate_template(Array, true, false)
#5 /app/public/wp-content/themes/tory-theme/front-page.php(39): get_template_part('template-parts/...', 'event')
#6 /app/public/wp-includes/template-loader.php(74): include('/app/public/wp-...')
#7 /app/public/wp-blog-header.php(19): require_once('/app/public/wp-...')
#8 /app/public/index.php(17): require('/app/public/wp-...')
#9 {main}
  thrown in /app/public/wp-content/plugins/advanced-custom-fields/includes/api/api-template.php on line 171
[14-Mar-2019 12:19:11 UTC] PHP Fatal error:  Uncaught Error: Call to undefined function acf_is_field_key() in /app/public/wp-content/plugins/advanced-custom-fields/includes/api/api-template.php:171
Stack trace:
#0 /app/public/wp-content/plugins/advanced-custom-fields/includes/api/api-template.php(27): acf_maybe_get_field('event_date', 89)
#1 /app/public/wp-content/themes/tory-theme/template-parts/content-event.php(4): get_field('event_date')
#2 /app/public/wp-includes/template.php(690): require('/app/public/wp-...')
#3 /app/public/wp-includes/template.php(647): load_template('/app/public/wp-...', false)
#4 /app/public/wp-includes/general-template.php(155): locate_template(Array, true, false)
#5 /app/public/wp-content/themes/tory-theme/front-page.php(39): get_template_part('template-parts/...', 'event')
#6 /app/public/wp-includes/template-loader.php(74): include('/app/public/wp-...')
#7 /app/public/wp-blog-header.php(19): require_once('/app/public/wp-...')
#8 /app/public/index.php(17): require('/app/public/wp-...')
#9 {main}
  thrown in /app/public/wp-content/plugins/advanced-custom-fields/includes/api/api-template.php on line 171
[14-Mar-2019 12:19:11 UTC] PHP Fatal error:  Uncaught Error: Call to undefined function acf_is_field_key() in /app/public/wp-content/plugins/advanced-custom-fields/includes/api/api-template.php:171
Stack trace:
#0 /app/public/wp-content/plugins/advanced-custom-fields/includes/api/api-template.php(27): acf_maybe_get_field('event_date', 89)
#1 /app/public/wp-content/themes/tory-theme/template-parts/content-event.php(4): get_field('event_date')
#2 /app/public/wp-includes/template.php(690): require('/app/public/wp-...')
#3 /app/public/wp-includes/template.php(647): load_template('/app/public/wp-...', false)
#4 /app/public/wp-includes/general-template.php(155): locate_template(Array, true, false)
#5 /app/public/wp-content/themes/tory-theme/front-page.php(39): get_template_part('template-parts/...', 'event')
#6 /app/public/wp-includes/template-loader.php(74): include('/app/public/wp-...')
#7 /app/public/wp-blog-header.php(19): require_once('/app/public/wp-...')
#8 /app/public/index.php(17): require('/app/public/wp-...')
#9 {main}
  thrown in /app/public/wp-content/plugins/advanced-custom-fields/includes/api/api-template.php on line 171
[14-Mar-2019 12:19:11 UTC] PHP Fatal error:  Uncaught Error: Call to undefined function acf_is_field_key() in /app/public/wp-content/plugins/advanced-custom-fields/includes/api/api-template.php:171
Stack trace:
#0 /app/public/wp-content/plugins/advanced-custom-fields/includes/api/api-template.php(27): acf_maybe_get_field('event_date', 89)
#1 /app/public/wp-content/themes/tory-theme/template-parts/content-event.php(4): get_field('event_date')
#2 /app/public/wp-includes/template.php(690): require('/app/public/wp-...')
#3 /app/public/wp-includes/template.php(647): load_template('/app/public/wp-...', false)
#4 /app/public/wp-includes/general-template.php(155): locate_template(Array, true, false)
#5 /app/public/wp-content/themes/tory-theme/front-page.php(39): get_template_part('template-parts/...', 'event')
#6 /app/public/wp-includes/template-loader.php(74): include('/app/public/wp-...')
#7 /app/public/wp-blog-header.php(19): require_once('/app/public/wp-...')
#8 /app/public/index.php(17): require('/app/public/wp-...')
#9 {main}
  thrown in /app/public/wp-content/plugins/advanced-custom-fields/includes/api/api-template.php on line 171
[14-Mar-2019 12:24:19 UTC] PHP Fatal error:  Uncaught Error: Call to undefined function acf_is_field_key() in /app/public/wp-content/plugins/advanced-custom-fields/includes/api/api-template.php:171
Stack trace:
#0 /app/public/wp-content/plugins/advanced-custom-fields/includes/api/api-template.php(27): acf_maybe_get_field('event_date', 89)
#1 /app/public/wp-content/themes/tory-theme/template-parts/content-event.php(4): get_field('event_date')
#2 /app/public/wp-includes/template.php(690): require('/app/public/wp-...')
#3 /app/public/wp-includes/template.php(647): load_template('/app/public/wp-...', false)
#4 /app/public/wp-includes/general-template.php(155): locate_template(Array, true, false)
#5 /app/public/wp-content/themes/tory-theme/front-page.php(39): get_template_part('template-parts/...', 'event')
#6 /app/public/wp-includes/template-loader.php(74): include('/app/public/wp-...')
#7 /app/public/wp-blog-header.php(19): require_once('/app/public/wp-...')
#8 /app/public/index.php(17): require('/app/public/wp-...')
#9 {main}
  thrown in /app/public/wp-content/plugins/advanced-custom-fields/includes/api/api-template.php on line 171
